<?xml version="1.0" encoding="UTF-8"?>
<!-- Generated by org.testng.reporters.JUnitReportReporter -->
<testsuite hostname="b8216a098e13510" failures="0" tests="1" name="com.d.demoselmavn.TestSwademmvn" time="1.308" errors="0" timestamp="2023-10-04T19:13:06 IST" skipped="0">
  <testcase classname="com.d.demoselmavn.TestSwademmvn" name="testGoogleSearch" time="1.308"/>
  <system-out/>
</testsuite> <!-- com.d.demoselmavn.TestSwademmvn -->
